2022-01-18 12:48:38 - Starting C:\Program Files\nodejs\node.exe  --harmony C:\Users\ramon\AppData\Roaming\npm\node_modules\qckwinsvc\node_modules\node-windows\lib\wrapper.js --file C:\Users\ramon\Documents\GitHub\21-100-01\server_api\server.js --log "serverapicuatro wrapper" --grow 0.25 --wait 1 --maxrestarts 3 --abortonerror n --stopparentfirst undefined
2022-01-18 12:48:38 - Started 6176
2022-01-18 12:53:33 - Starting C:\Program Files\nodejs\node.exe  --harmony C:\Users\ramon\AppData\Roaming\npm\node_modules\qckwinsvc\node_modules\node-windows\lib\wrapper.js --file C:\Users\ramon\Documents\GitHub\21-100-01\server_api\server.js --log "serverapicuatro wrapper" --grow 0.25 --wait 1 --maxrestarts 3 --abortonerror n --stopparentfirst undefined
2022-01-18 12:53:33 - Started 7916
2022-01-18 12:54:17 - Stopping serverapicuatro.exe
2022-01-18 12:54:17 - ProcessKill 7916
2022-01-18 12:54:17 - Found child process: 3188 Name: conhost.exe
2022-01-18 12:54:17 - Found child process: 9672 Name: node.exe
2022-01-18 12:54:17 - Stopping process 3188
2022-01-18 12:54:17 - Send SIGINT 3188
2022-01-18 12:54:17 - SIGINT to 3188 failed - Killing as fallback
2022-01-18 12:54:17 - Stopping process 9672
2022-01-18 12:54:17 - Send SIGINT 9672
2022-01-18 12:54:17 - SIGINT to 9672 failed - Killing as fallback
2022-01-18 12:54:17 - Stopping process 7916
2022-01-18 12:54:17 - Send SIGINT 7916
2022-01-18 12:54:17 - SIGINT to 7916 failed - Killing as fallback
2022-01-18 12:54:17 - Finished serverapicuatro.exe
2022-01-18 12:54:31 - Starting C:\Program Files\nodejs\node.exe  --harmony C:\Users\ramon\AppData\Roaming\npm\node_modules\qckwinsvc\node_modules\node-windows\lib\wrapper.js --file C:\Users\ramon\Documents\GitHub\21-100-01\server_api\server.js --log "serverapicuatro wrapper" --grow 0.25 --wait 1 --maxrestarts 3 --abortonerror n --stopparentfirst undefined
2022-01-18 12:54:31 - Started 7088
2022-01-18 12:55:47 - Stopping serverapicuatro.exe
2022-01-18 12:55:47 - ProcessKill 7088
2022-01-18 12:55:47 - Found child process: 5448 Name: conhost.exe
2022-01-18 12:55:47 - Found child process: 13100 Name: node.exe
2022-01-18 12:55:47 - Stopping process 5448
2022-01-18 12:55:47 - Send SIGINT 5448
2022-01-18 12:55:47 - SIGINT to 5448 failed - Killing as fallback
2022-01-18 12:55:47 - Stopping process 13100
2022-01-18 12:55:47 - Send SIGINT 13100
2022-01-18 12:55:47 - SIGINT to 13100 failed - Killing as fallback
2022-01-18 12:55:47 - Stopping process 7088
2022-01-18 12:55:47 - Send SIGINT 7088
2022-01-18 12:55:47 - SIGINT to 7088 failed - Killing as fallback
2022-01-18 12:55:47 - Finished serverapicuatro.exe
2022-01-18 12:55:49 - Starting C:\Program Files\nodejs\node.exe  --harmony C:\Users\ramon\AppData\Roaming\npm\node_modules\qckwinsvc\node_modules\node-windows\lib\wrapper.js --file C:\Users\ramon\Documents\GitHub\21-100-01\server_api\server.js --log "serverapicuatro wrapper" --grow 0.25 --wait 1 --maxrestarts 3 --abortonerror n --stopparentfirst undefined
2022-01-18 12:55:49 - Started 12868
2022-01-18 13:00:08 - Stopping serverapicuatro.exe
2022-01-18 13:00:08 - ProcessKill 12868
2022-01-18 13:00:08 - Found child process: 7480 Name: conhost.exe
2022-01-18 13:00:08 - Found child process: 9480 Name: node.exe
2022-01-18 13:00:08 - Stopping process 7480
2022-01-18 13:00:08 - Send SIGINT 7480
2022-01-18 13:00:08 - SIGINT to 7480 failed - Killing as fallback
2022-01-18 13:00:08 - Stopping process 9480
2022-01-18 13:00:08 - Send SIGINT 9480
2022-01-18 13:00:08 - SIGINT to 9480 failed - Killing as fallback
2022-01-18 13:00:08 - Stopping process 12868
2022-01-18 13:00:08 - Send SIGINT 12868
2022-01-18 13:00:08 - SIGINT to 12868 failed - Killing as fallback
2022-01-18 13:00:08 - Finished serverapicuatro.exe
2022-01-18 13:00:09 - Starting C:\Program Files\nodejs\node.exe  --harmony C:\Users\ramon\AppData\Roaming\npm\node_modules\qckwinsvc\node_modules\node-windows\lib\wrapper.js --file C:\Users\ramon\Documents\GitHub\21-100-01\server_api\server.js --log "serverapicuatro wrapper" --grow 0.25 --wait 1 --maxrestarts 3 --abortonerror n --stopparentfirst undefined
2022-01-18 13:00:09 - Started 5628
2022-01-18 13:02:17 - Stopping serverapicuatro.exe
2022-01-18 13:02:17 - ProcessKill 5628
2022-01-18 13:02:17 - Shutdown exception
Message:Se está cerrando el sistema.

Stacktrace:   en System.Runtime.InteropServices.Marshal.ThrowExceptionForHRInternal(Int32 errorCode, IntPtr errorInfo)
   en System.Management.ManagementScope.InitializeGuts(Object o)
   en System.Management.ManagementScope.Initialize()
   en System.Management.ManagementObjectSearcher.Initialize()
   en System.Management.ManagementObjectSearcher.Get()
   en winsw.WrapperService.GetChildPids(Int32 pid)
   en winsw.WrapperService.StopProcessAndChildren(Int32 pid)
   en winsw.WrapperService.StopIt()
   en winsw.WrapperService.OnShutdown()
2022-01-19 08:57:14 - Starting C:\Program Files\nodejs\node.exe  --harmony C:\Users\ramon\AppData\Roaming\npm\node_modules\qckwinsvc\node_modules\node-windows\lib\wrapper.js --file C:\Users\ramon\Documents\GitHub\21-100-01\server_api\server.js --log "serverapicuatro wrapper" --grow 0.25 --wait 1 --maxrestarts 3 --abortonerror n --stopparentfirst undefined
2022-01-19 08:57:14 - Started 5812
2022-01-19 09:09:49 - Stopping serverapicuatro.exe
2022-01-19 09:09:49 - ProcessKill 5812
2022-01-19 09:09:49 - Found child process: 5868 Name: conhost.exe
2022-01-19 09:09:49 - Found child process: 6712 Name: node.exe
2022-01-19 09:09:49 - Stopping process 5868
2022-01-19 09:09:49 - Send SIGINT 5868
2022-01-19 09:09:49 - SIGINT to 5868 failed - Killing as fallback
2022-01-19 09:09:49 - Stopping process 6712
2022-01-19 09:09:49 - Send SIGINT 6712
2022-01-19 09:09:49 - SIGINT to 6712 failed - Killing as fallback
2022-01-19 09:09:49 - Stopping process 5812
2022-01-19 09:09:49 - Send SIGINT 5812
2022-01-19 09:09:49 - SIGINT to 5812 failed - Killing as fallback
2022-01-19 09:09:49 - Finished serverapicuatro.exe
2022-01-19 09:13:21 - Starting C:\Program Files\nodejs\node.exe  --harmony C:\Users\ramon\AppData\Roaming\npm\node_modules\qckwinsvc\node_modules\node-windows\lib\wrapper.js --file C:\Users\ramon\Documents\GitHub\21-100-01\server_api\server.js --log "serverapicuatro wrapper" --grow 0.25 --wait 1 --maxrestarts 3 --abortonerror n --stopparentfirst undefined
2022-01-19 09:13:22 - Started 12864
2022-01-19 09:21:15 - Starting C:\Program Files\nodejs\node.exe  --harmony C:\Users\ramon\AppData\Roaming\npm\node_modules\qckwinsvc\node_modules\node-windows\lib\wrapper.js --file C:\Users\ramon\Documents\GitHub\21-100-01\server_api\server.js --log "serverapicuatro wrapper" --grow 0.25 --wait 1 --maxrestarts 3 --abortonerror n --stopparentfirst undefined
2022-01-19 09:21:15 - Started 11420
2022-01-19 09:27:32 - Starting C:\Program Files\nodejs\node.exe  --harmony C:\Users\ramon\AppData\Roaming\npm\node_modules\qckwinsvc\node_modules\node-windows\lib\wrapper.js --file C:\Users\ramon\Documents\GitHub\21-100-01\server_api\server.js --log "serverapicuatro wrapper" --grow 0.25 --wait 1 --maxrestarts 3 --abortonerror n --stopparentfirst undefined
2022-01-19 09:27:32 - Started 6008
2022-01-19 09:30:38 - Stopping serverapicuatro.exe
2022-01-19 09:30:38 - ProcessKill 6008
2022-01-19 09:30:38 - Shutdown exception
Message:Se está cerrando el sistema.

Stacktrace:   en System.Runtime.InteropServices.Marshal.ThrowExceptionForHRInternal(Int32 errorCode, IntPtr errorInfo)
   en System.Management.ManagementScope.InitializeGuts(Object o)
   en System.Management.ManagementScope.Initialize()
   en System.Management.ManagementObjectSearcher.Initialize()
   en System.Management.ManagementObjectSearcher.Get()
   en winsw.WrapperService.GetChildPids(Int32 pid)
   en winsw.WrapperService.StopProcessAndChildren(Int32 pid)
   en winsw.WrapperService.StopIt()
   en winsw.WrapperService.OnShutdown()
2022-01-19 09:31:14 - Starting C:\Program Files\nodejs\node.exe  --harmony C:\Users\ramon\AppData\Roaming\npm\node_modules\qckwinsvc\node_modules\node-windows\lib\wrapper.js --file C:\Users\ramon\Documents\GitHub\21-100-01\server_api\server.js --log "serverapicuatro wrapper" --grow 0.25 --wait 1 --maxrestarts 3 --abortonerror n --stopparentfirst undefined
2022-01-19 09:31:14 - Started 5844
2022-01-19 09:59:35 - Starting C:\Program Files\nodejs\node.exe  --harmony C:\Users\ramon\AppData\Roaming\npm\node_modules\qckwinsvc\node_modules\node-windows\lib\wrapper.js --file C:\Users\ramon\Documents\GitHub\21-100-01\server_api\server.js --log "serverapicuatro wrapper" --grow 0.25 --wait 1 --maxrestarts 3 --abortonerror n --stopparentfirst undefined
2022-01-19 09:59:35 - Started 992
2022-01-19 10:19:45 - Stopping serverapicuatro.exe
2022-01-19 10:19:45 - ProcessKill 992
2022-01-19 10:19:45 - Found child process: 868 Name: conhost.exe
2022-01-19 10:19:45 - Found child process: 11364 Name: node.exe
2022-01-19 10:19:45 - Stopping process 868
2022-01-19 10:19:45 - Send SIGINT 868
2022-01-19 10:19:45 - SIGINT to 868 failed - Killing as fallback
2022-01-19 10:19:45 - Stopping process 11364
2022-01-19 10:19:45 - Send SIGINT 11364
2022-01-19 10:19:45 - SIGINT to 11364 failed - Killing as fallback
2022-01-19 10:19:45 - Stopping process 992
2022-01-19 10:19:45 - Send SIGINT 992
2022-01-19 10:19:45 - SIGINT to 992 failed - Killing as fallback
2022-01-19 10:19:45 - Finished serverapicuatro.exe
2022-01-19 10:19:46 - Starting C:\Program Files\nodejs\node.exe  --harmony C:\Users\ramon\AppData\Roaming\npm\node_modules\qckwinsvc\node_modules\node-windows\lib\wrapper.js --file C:\Users\ramon\Documents\GitHub\21-100-01\server_api\server.js --log "serverapicuatro wrapper" --grow 0.25 --wait 1 --maxrestarts 3 --abortonerror n --stopparentfirst undefined
2022-01-19 10:19:46 - Started 10200
2022-01-19 10:23:35 - Stopping serverapicuatro.exe
2022-01-19 10:23:35 - ProcessKill 10200
2022-01-19 10:23:36 - Found child process: 4028 Name: conhost.exe
2022-01-19 10:23:36 - Found child process: 2412 Name: node.exe
2022-01-19 10:23:36 - Stopping process 4028
2022-01-19 10:23:36 - Send SIGINT 4028
2022-01-19 10:23:36 - SIGINT to 4028 failed - Killing as fallback
2022-01-19 10:23:36 - Stopping process 2412
2022-01-19 10:23:36 - Send SIGINT 2412
2022-01-19 10:23:36 - SIGINT to 2412 failed - Killing as fallback
2022-01-19 10:23:36 - Stopping process 10200
2022-01-19 10:23:36 - Send SIGINT 10200
2022-01-19 10:23:36 - SIGINT to 10200 failed - Killing as fallback
2022-01-19 10:23:36 - Finished serverapicuatro.exe
2022-01-19 10:24:52 - Starting C:\Program Files\nodejs\node.exe  --harmony C:\Users\ramon\AppData\Roaming\npm\node_modules\qckwinsvc\node_modules\node-windows\lib\wrapper.js --file C:\Users\ramon\Documents\GitHub\21-100-01\server_api\server.js --log "serverapicuatro wrapper" --grow 0.25 --wait 1 --maxrestarts 3 --abortonerror n --stopparentfirst undefined
2022-01-19 10:24:52 - Started 5872
2022-01-19 10:26:13 - Stopping serverapicuatro.exe
2022-01-19 10:26:13 - ProcessKill 5872
2022-01-19 10:26:13 - Found child process: 5936 Name: conhost.exe
2022-01-19 10:26:13 - Found child process: 6836 Name: node.exe
2022-01-19 10:26:13 - Stopping process 5936
2022-01-19 10:26:13 - Send SIGINT 5936
2022-01-19 10:26:13 - SIGINT to 5936 failed - Killing as fallback
2022-01-19 10:26:13 - Stopping process 6836
2022-01-19 10:26:13 - Send SIGINT 6836
2022-01-19 10:26:13 - SIGINT to 6836 failed - Killing as fallback
2022-01-19 10:26:13 - Stopping process 5872
2022-01-19 10:26:13 - Send SIGINT 5872
2022-01-19 10:26:13 - SIGINT to 5872 failed - Killing as fallback
2022-01-19 10:26:13 - Finished serverapicuatro.exe
2022-01-19 10:55:51 - Starting C:\Program Files\nodejs\node.exe  --harmony C:\Users\ramon\AppData\Roaming\npm\node_modules\qckwinsvc\node_modules\node-windows\lib\wrapper.js --file C:\Users\ramon\Documents\GitHub\21-100-01\server_api\server.js --log "serverapicuatro wrapper" --grow 0.25 --wait 1 --maxrestarts 3 --abortonerror n --stopparentfirst undefined
2022-01-19 10:55:51 - Started 1616
2022-01-19 11:00:52 - Stopping serverapicuatro.exe
2022-01-19 11:00:52 - ProcessKill 1616
2022-01-19 11:00:52 - Found child process: 12996 Name: conhost.exe
2022-01-19 11:00:52 - Found child process: 9356 Name: node.exe
2022-01-19 11:00:52 - Stopping process 12996
2022-01-19 11:00:52 - Send SIGINT 12996
2022-01-19 11:00:52 - SIGINT to 12996 failed - Killing as fallback
2022-01-19 11:00:52 - Stopping process 9356
2022-01-19 11:00:52 - Send SIGINT 9356
2022-01-19 11:00:52 - SIGINT to 9356 failed - Killing as fallback
2022-01-19 11:00:52 - Stopping process 1616
2022-01-19 11:00:52 - Send SIGINT 1616
2022-01-19 11:00:52 - SIGINT to 1616 failed - Killing as fallback
2022-01-19 11:00:52 - Finished serverapicuatro.exe
2022-01-19 11:00:53 - Starting C:\Program Files\nodejs\node.exe  --harmony C:\Users\ramon\AppData\Roaming\npm\node_modules\qckwinsvc\node_modules\node-windows\lib\wrapper.js --file C:\Users\ramon\Documents\GitHub\21-100-01\server_api\server.js --log "serverapicuatro wrapper" --grow 0.25 --wait 1 --maxrestarts 3 --abortonerror n --stopparentfirst undefined
2022-01-19 11:00:53 - Started 6836
2022-01-19 11:02:06 - Stopping serverapicuatro.exe
2022-01-19 11:02:06 - ProcessKill 6836
2022-01-19 11:02:06 - Found child process: 2344 Name: conhost.exe
2022-01-19 11:02:06 - Found child process: 2512 Name: node.exe
2022-01-19 11:02:06 - Stopping process 2344
2022-01-19 11:02:06 - Send SIGINT 2344
2022-01-19 11:02:06 - SIGINT to 2344 failed - Killing as fallback
2022-01-19 11:02:06 - Stopping process 2512
2022-01-19 11:02:06 - Send SIGINT 2512
2022-01-19 11:02:06 - SIGINT to 2512 failed - Killing as fallback
2022-01-19 11:02:06 - Stopping process 6836
2022-01-19 11:02:06 - Send SIGINT 6836
2022-01-19 11:02:06 - SIGINT to 6836 failed - Killing as fallback
2022-01-19 11:02:06 - Finished serverapicuatro.exe
2022-01-19 11:02:15 - Starting C:\Program Files\nodejs\node.exe  --harmony C:\Users\ramon\AppData\Roaming\npm\node_modules\qckwinsvc\node_modules\node-windows\lib\wrapper.js --file C:\Users\ramon\Documents\GitHub\21-100-01\server_api\server.js --log "serverapicuatro wrapper" --grow 0.25 --wait 1 --maxrestarts 3 --abortonerror n --stopparentfirst undefined
2022-01-19 11:02:15 - Started 8204
2022-01-19 11:02:32 - Stopping serverapicuatro.exe
2022-01-19 11:02:32 - ProcessKill 8204
2022-01-19 11:02:32 - Found child process: 14232 Name: conhost.exe
2022-01-19 11:02:32 - Found child process: 12500 Name: node.exe
2022-01-19 11:02:32 - Stopping process 14232
2022-01-19 11:02:32 - Send SIGINT 14232
2022-01-19 11:02:32 - SIGINT to 14232 failed - Killing as fallback
2022-01-19 11:02:32 - Stopping process 12500
2022-01-19 11:02:32 - Send SIGINT 12500
2022-01-19 11:02:32 - SIGINT to 12500 failed - Killing as fallback
2022-01-19 11:02:32 - Stopping process 8204
2022-01-19 11:02:32 - Send SIGINT 8204
2022-01-19 11:02:32 - SIGINT to 8204 failed - Killing as fallback
2022-01-19 11:02:32 - Finished serverapicuatro.exe
2022-01-19 11:03:59 - Starting C:\Program Files\nodejs\node.exe  --harmony C:\Users\ramon\AppData\Roaming\npm\node_modules\qckwinsvc\node_modules\node-windows\lib\wrapper.js --file C:\Users\ramon\Documents\GitHub\21-100-01\server_api\server.js --log "serverapicuatro wrapper" --grow 0.25 --wait 1 --maxrestarts 3 --abortonerror n --stopparentfirst undefined
2022-01-19 11:03:59 - Started 5480
2022-01-19 11:07:04 - Stopping serverapicuatro.exe
2022-01-19 11:07:04 - ProcessKill 5480
2022-01-19 11:07:04 - Found child process: 9192 Name: conhost.exe
2022-01-19 11:07:04 - Found child process: 13680 Name: node.exe
2022-01-19 11:07:04 - Stopping process 9192
2022-01-19 11:07:04 - Send SIGINT 9192
2022-01-19 11:07:04 - SIGINT to 9192 failed - Killing as fallback
2022-01-19 11:07:04 - Stopping process 13680
2022-01-19 11:07:04 - Send SIGINT 13680
2022-01-19 11:07:04 - SIGINT to 13680 failed - Killing as fallback
2022-01-19 11:07:04 - Stopping process 5480
2022-01-19 11:07:04 - Send SIGINT 5480
2022-01-19 11:07:04 - SIGINT to 5480 failed - Killing as fallback
2022-01-19 11:07:04 - Finished serverapicuatro.exe
2022-01-19 11:07:05 - Starting C:\Program Files\nodejs\node.exe  --harmony C:\Users\ramon\AppData\Roaming\npm\node_modules\qckwinsvc\node_modules\node-windows\lib\wrapper.js --file C:\Users\ramon\Documents\GitHub\21-100-01\server_api\server.js --log "serverapicuatro wrapper" --grow 0.25 --wait 1 --maxrestarts 3 --abortonerror n --stopparentfirst undefined
2022-01-19 11:07:05 - Started 10340
2022-01-19 11:10:17 - Stopping serverapicuatro.exe
2022-01-19 11:10:17 - ProcessKill 10340
2022-01-19 11:10:17 - Found child process: 2536 Name: conhost.exe
2022-01-19 11:10:17 - Found child process: 10368 Name: node.exe
2022-01-19 11:10:17 - Stopping process 2536
2022-01-19 11:10:17 - Send SIGINT 2536
2022-01-19 11:10:17 - SIGINT to 2536 failed - Killing as fallback
2022-01-19 11:10:17 - Stopping process 10368
2022-01-19 11:10:17 - Send SIGINT 10368
2022-01-19 11:10:17 - SIGINT to 10368 failed - Killing as fallback
2022-01-19 11:10:17 - Stopping process 10340
2022-01-19 11:10:17 - Send SIGINT 10340
2022-01-19 11:10:17 - SIGINT to 10340 failed - Killing as fallback
2022-01-19 11:10:17 - Finished serverapicuatro.exe
2022-01-19 11:10:42 - Starting C:\Program Files\nodejs\node.exe  --harmony C:\Users\ramon\AppData\Roaming\npm\node_modules\qckwinsvc\node_modules\node-windows\lib\wrapper.js --file C:\Users\ramon\Documents\GitHub\21-100-01\server_api\server.js --log "serverapicuatro wrapper" --grow 0.25 --wait 1 --maxrestarts 3 --abortonerror n --stopparentfirst undefined
2022-01-19 11:10:42 - Started 2300
2022-01-19 11:18:18 - Stopping serverapicuatro.exe
2022-01-19 11:18:18 - ProcessKill 2300
2022-01-19 11:18:18 - Found child process: 10820 Name: conhost.exe
2022-01-19 11:18:18 - Found child process: 936 Name: node.exe
2022-01-19 11:18:18 - Stopping process 10820
2022-01-19 11:18:18 - Send SIGINT 10820
2022-01-19 11:18:18 - SIGINT to 10820 failed - Killing as fallback
2022-01-19 11:18:18 - Stopping process 936
2022-01-19 11:18:18 - Send SIGINT 936
2022-01-19 11:18:18 - SIGINT to 936 failed - Killing as fallback
2022-01-19 11:18:18 - Stopping process 2300
2022-01-19 11:18:18 - Send SIGINT 2300
2022-01-19 11:18:18 - SIGINT to 2300 failed - Killing as fallback
2022-01-19 11:18:18 - Finished serverapicuatro.exe
2022-01-19 11:18:20 - Starting C:\Program Files\nodejs\node.exe  --harmony C:\Users\ramon\AppData\Roaming\npm\node_modules\qckwinsvc\node_modules\node-windows\lib\wrapper.js --file C:\Users\ramon\Documents\GitHub\21-100-01\server_api\server.js --log "serverapicuatro wrapper" --grow 0.25 --wait 1 --maxrestarts 3 --abortonerror n --stopparentfirst undefined
2022-01-19 11:18:20 - Started 1184
2022-01-19 11:20:54 - Stopping serverapicuatro.exe
2022-01-19 11:20:54 - ProcessKill 1184
2022-01-19 11:20:54 - Found child process: 5712 Name: conhost.exe
2022-01-19 11:20:54 - Found child process: 2484 Name: node.exe
2022-01-19 11:20:54 - Stopping process 5712
2022-01-19 11:20:54 - Send SIGINT 5712
2022-01-19 11:20:54 - SIGINT to 5712 failed - Killing as fallback
2022-01-19 11:20:54 - Stopping process 2484
2022-01-19 11:20:54 - Send SIGINT 2484
2022-01-19 11:20:54 - SIGINT to 2484 failed - Killing as fallback
2022-01-19 11:20:54 - Stopping process 1184
2022-01-19 11:20:54 - Send SIGINT 1184
2022-01-19 11:20:54 - SIGINT to 1184 failed - Killing as fallback
2022-01-19 11:20:54 - Finished serverapicuatro.exe
2022-01-19 11:23:01 - Starting C:\Program Files\nodejs\node.exe  --harmony C:\Users\ramon\AppData\Roaming\npm\node_modules\qckwinsvc\node_modules\node-windows\lib\wrapper.js --file C:\Users\ramon\Documents\GitHub\21-100-01\server_api\server.js --log "serverapicuatro wrapper" --grow 0.25 --wait 1 --maxrestarts 3 --abortonerror n --stopparentfirst undefined
2022-01-19 11:23:01 - Started 8644
2022-01-19 11:28:12 - Stopping serverapicuatro.exe
2022-01-19 11:28:12 - ProcessKill 8644
2022-01-19 11:28:12 - Found child process: 6648 Name: conhost.exe
2022-01-19 11:28:12 - Found child process: 2388 Name: node.exe
2022-01-19 11:28:12 - Stopping process 6648
2022-01-19 11:28:12 - Send SIGINT 6648
2022-01-19 11:28:12 - SIGINT to 6648 failed - Killing as fallback
2022-01-19 11:28:12 - Stopping process 2388
2022-01-19 11:28:12 - Send SIGINT 2388
2022-01-19 11:28:12 - SIGINT to 2388 failed - Killing as fallback
2022-01-19 11:28:12 - Stopping process 8644
2022-01-19 11:28:12 - Send SIGINT 8644
2022-01-19 11:28:12 - SIGINT to 8644 failed - Killing as fallback
2022-01-19 11:28:12 - Finished serverapicuatro.exe
2022-01-19 11:29:26 - Starting C:\Program Files\nodejs\node.exe  --harmony C:\Users\ramon\AppData\Roaming\npm\node_modules\qckwinsvc\node_modules\node-windows\lib\wrapper.js --file C:\Users\ramon\Documents\GitHub\21-100-01\server_api\server.js --log "serverapicuatro wrapper" --grow 0.25 --wait 1 --maxrestarts 3 --abortonerror n --stopparentfirst undefined
2022-01-19 11:29:26 - Started 9220
2022-01-19 11:29:44 - Stopping serverapicuatro.exe
2022-01-19 11:29:44 - ProcessKill 9220
2022-01-19 11:29:44 - Found child process: 13548 Name: conhost.exe
2022-01-19 11:29:44 - Found child process: 11916 Name: node.exe
2022-01-19 11:29:44 - Stopping process 13548
2022-01-19 11:29:44 - Send SIGINT 13548
2022-01-19 11:29:44 - SIGINT to 13548 failed - Killing as fallback
2022-01-19 11:29:44 - Stopping process 11916
2022-01-19 11:29:44 - Send SIGINT 11916
2022-01-19 11:29:44 - SIGINT to 11916 failed - Killing as fallback
2022-01-19 11:29:44 - Stopping process 9220
2022-01-19 11:29:44 - Send SIGINT 9220
2022-01-19 11:29:44 - SIGINT to 9220 failed - Killing as fallback
2022-01-19 11:29:44 - Finished serverapicuatro.exe
2022-01-19 11:29:45 - Starting C:\Program Files\nodejs\node.exe  --harmony C:\Users\ramon\AppData\Roaming\npm\node_modules\qckwinsvc\node_modules\node-windows\lib\wrapper.js --file C:\Users\ramon\Documents\GitHub\21-100-01\server_api\server.js --log "serverapicuatro wrapper" --grow 0.25 --wait 1 --maxrestarts 3 --abortonerror n --stopparentfirst undefined
2022-01-19 11:29:45 - Started 13184
2022-01-19 11:35:52 - Stopping serverapicuatro.exe
2022-01-19 11:35:52 - ProcessKill 13184
2022-01-19 11:35:52 - Found child process: 10244 Name: conhost.exe
2022-01-19 11:35:52 - Found child process: 9996 Name: node.exe
2022-01-19 11:35:52 - Stopping process 10244
2022-01-19 11:35:52 - Send SIGINT 10244
2022-01-19 11:35:52 - SIGINT to 10244 failed - Killing as fallback
2022-01-19 11:35:52 - Stopping process 9996
2022-01-19 11:35:52 - Send SIGINT 9996
2022-01-19 11:35:52 - SIGINT to 9996 failed - Killing as fallback
2022-01-19 11:35:52 - Stopping process 13184
2022-01-19 11:35:52 - Send SIGINT 13184
2022-01-19 11:35:52 - SIGINT to 13184 failed - Killing as fallback
2022-01-19 11:35:52 - Finished serverapicuatro.exe
2022-01-19 11:36:36 - Starting C:\Program Files\nodejs\node.exe  --harmony C:\Users\ramon\AppData\Roaming\npm\node_modules\qckwinsvc\node_modules\node-windows\lib\wrapper.js --file C:\Users\ramon\Documents\GitHub\21-100-01\server_api\server.js --log "serverapicuatro wrapper" --grow 0.25 --wait 1 --maxrestarts 3 --abortonerror n --stopparentfirst undefined
2022-01-19 11:36:36 - Started 12348
2022-01-19 11:46:15 - Stopping serverapicuatro.exe
2022-01-19 11:46:15 - ProcessKill 12348
2022-01-19 11:46:15 - Found child process: 10012 Name: conhost.exe
2022-01-19 11:46:15 - Found child process: 13260 Name: node.exe
2022-01-19 11:46:15 - Stopping process 10012
2022-01-19 11:46:15 - Send SIGINT 10012
2022-01-19 11:46:15 - SIGINT to 10012 failed - Killing as fallback
2022-01-19 11:46:15 - Stopping process 13260
2022-01-19 11:46:15 - Send SIGINT 13260
2022-01-19 11:46:15 - SIGINT to 13260 failed - Killing as fallback
2022-01-19 11:46:15 - Stopping process 12348
2022-01-19 11:46:15 - Send SIGINT 12348
2022-01-19 11:46:15 - SIGINT to 12348 failed - Killing as fallback
2022-01-19 11:46:15 - Finished serverapicuatro.exe
